2017-12-05 14:06:18,525 INFO  [org.jboss.as.server] (management-handler-thread - 5) WFLYSRV0236: Suspending server with no timeout.
2017-12-05 14:06:18,641 INFO  [org.jboss.as.server] (Management Triggered Shutdown) WFLYSRV0241: Shutting down in response to management operation 'shutdown'
2017-12-05 14:06:18,703 INFO  [org.wildfly.extension.undertow] (ServerService Thread Pool -- 80) WFLYUT0022: Unregistered web context: /server
2017-12-05 14:06:18,706 INFO  [org.wildfly.extension.undertow] (ServerService Thread Pool -- 83) WFLYUT0022: Unregistered web context: /CalendarService
2017-12-05 14:06:18,709 INFO  [org.wildfly.extension.undertow] (ServerService Thread Pool -- 82) WFLYUT0022: Unregistered web context: /CalendarService-1.0-SNAPSHOT
2017-12-05 14:06:18,853 INFO  [org.jboss.as.jpa] (ServerService Thread Pool -- 80) WFLYJPA0011: Stopping Persistence Unit (phase 2 of 2) Service 'CalendarService-1.0-SNAPSHOT.war#PU_Calendar'
2017-12-05 14:06:18,985 INFO  [org.jboss.as.jpa] (ServerService Thread Pool -- 81) WFLYJPA0011: Stopping Persistence Unit (phase 1 of 2) Service 'CalendarService-1.0-SNAPSHOT.war#PU_Calendar'
2017-12-05 14:06:19,019 INFO  [org.wildfly.extension.messaging-activemq] (ServerService Thread Pool -- 86) WFLYMSGAMQ0006: Unbound messaging object to jndi name java:/ConnectionFactory
2017-12-05 14:06:19,034 INFO  [org.wildfly.extension.undertow] (MSC service thread 1-3) WFLYUT0019: Host default-host stopping
2017-12-05 14:06:19,053 INFO  [org.jboss.as.server.deployment] (MSC service thread 1-3) WFLYSRV0028: Stopped deployment CalendarService-1.0-SNAPSHOT.war (runtime-name: CalendarService-1.0-SNAPSHOT.war) in 210ms
2017-12-05 14:06:19,098 INFO  [org.jboss.as.jpa] (ServerService Thread Pool -- 82) WFLYJPA0011: Stopping Persistence Unit (phase 2 of 2) Service 'teams_students_01-1.0-SNAPSHOT.war#htl_teamsstudents'
2017-12-05 14:06:19,184 INFO  [org.jboss.as.jpa] (ServerService Thread Pool -- 82) WFLYJPA0011: Stopping Persistence Unit (phase 1 of 2) Service 'teams_students_01-1.0-SNAPSHOT.war#htl_teamsstudents'
2017-12-05 14:06:19,186 INFO  [org.jboss.as.connector.subsystems.datasources] (MSC service thread 1-3) WFLYJCA0010: Unbound data source [java:jboss/datasources/SampleDbDS]
2017-12-05 14:06:19,209 INFO  [org.jboss.as.server.deployment] (MSC service thread 1-3) WFLYSRV0028: Stopped deployment teams_students_01-1.0-SNAPSHOT.war (runtime-name: teams_students_01-1.0-SNAPSHOT.war) in 365ms
2017-12-05 14:06:19,223 INFO  [org.jboss.as.connector.subsystems.datasources] (MSC service thread 1-1) WFLYJCA0010: Unbound data source [java:jboss/datasources/ExampleDS]
2017-12-05 14:06:19,223 INFO  [org.jboss.as.jpa] (ServerService Thread Pool -- 82) WFLYJPA0011: Stopping Persistence Unit (phase 2 of 2) Service 'CalendarService2-1.0-SNAPSHOT.war#CalendarService_PU'
2017-12-05 14:06:19,224 INFO  [org.wildfly.extension.messaging-activemq] (MSC service thread 1-5) WFLYMSGAMQ0006: Unbound messaging object to jndi name java:jboss/DefaultJMSConnectionFactory
2017-12-05 14:06:19,226 INFO  [org.jboss.as.connector.deployment] (MSC service thread 1-2) WFLYJCA0011: Unbound JCA ConnectionFactory [java:/JmsXA]
2017-12-05 14:06:19,229 INFO  [org.jboss.as.connector.deployers.jdbc] (MSC service thread 1-3) WFLYJCA0019: Stopped Driver service with driver-name = h2
2017-12-05 14:06:19,235 INFO  [org.jboss.as.jpa] (ServerService Thread Pool -- 82) WFLYJPA0011: Stopping Persistence Unit (phase 1 of 2) Service 'CalendarService2-1.0-SNAPSHOT.war#CalendarService_PU'
2017-12-05 14:06:19,243 INFO  [org.jboss.as.connector.subsystems.datasources] (MSC service thread 1-2) WFLYJCA0010: Unbound data source [java:jboss/datasources/CalendarDB]
2017-12-05 14:06:19,251 INFO  [org.jboss.as.connector.deployers.jdbc] (MSC service thread 1-4) WFLYJCA0019: Stopped Driver service with driver-name = derbyclient.jar
2017-12-05 14:06:19,264 INFO  [org.jboss.as.server.deployment] (MSC service thread 1-7) WFLYSRV0028: Stopped deployment CalendarService2-1.0-SNAPSHOT.war (runtime-name: CalendarService2-1.0-SNAPSHOT.war) in 422ms
2017-12-05 14:06:19,272 INFO  [org.wildfly.extension.undertow] (MSC service thread 1-6) WFLYUT0008: Undertow HTTPS listener https suspending
2017-12-05 14:06:19,283 INFO  [org.wildfly.extension.undertow] (MSC service thread 1-6) WFLYUT0007: Undertow HTTPS listener https stopped, was bound to 127.0.0.1:8443
2017-12-05 14:06:19,325 INFO  [org.jboss.as.server.deployment] (MSC service thread 1-4) WFLYSRV0028: Stopped deployment derbyclient.jar (runtime-name: derbyclient.jar) in 481ms
2017-12-05 14:06:19,617 INFO  [org.jboss.as.clustering.infinispan] (ServerService Thread Pool -- 80) WFLYCLINF0003: Stopped client-mappings cache from ejb container
2017-12-05 14:06:19,649 INFO  [org.apache.activemq.artemis.ra] (ServerService Thread Pool -- 81) AMQ151003: resource adaptor stopped
2017-12-05 14:06:19,918 INFO  [org.apache.activemq.artemis.core.server] (ServerService Thread Pool -- 81) AMQ221002: Apache ActiveMQ Artemis Message Broker version 1.1.0.wildfly-017 [c413f8e2-a286-11e7-945d-e73f4eb93610] stopped
2017-12-05 14:06:19,954 INFO  [org.wildfly.extension.undertow] (MSC service thread 1-4) WFLYUT0008: Undertow HTTP listener default suspending
2017-12-05 14:06:19,968 INFO  [org.wildfly.extension.undertow] (MSC service thread 1-4) WFLYUT0007: Undertow HTTP listener default stopped, was bound to 127.0.0.1:8080
2017-12-05 14:06:19,991 INFO  [org.wildfly.extension.undertow] (MSC service thread 1-4) WFLYUT0004: Undertow 1.4.0.Final stopping
2017-12-05 14:06:20,137 INFO  [org.jboss.as] (MSC service thread 1-6) WFLYSRV0050: WildFly Full 10.1.0.Final (WildFly Core 2.2.0.Final) stopped in 1294ms
