Wed Oct 25 11:11:54 CEST 2017 : Apache Derby Network Server - 10.10.2.0 - (1582446) started and ready to accept connections on port 1527
----------------------------------------------------------------
Wed Oct 25 11:11:55 CEST 2017:
Booting Derby version The Apache Software Foundation - Apache Derby - 10.10.2.0 - (1582446): instance a816c00e-015f-52cd-6690-000027fc7ae3 
on database directory /Users/Jakob/SEW5AHITM/maturabeispiele/26_09/database/sample with class loader sun.misc.Launcher$AppClassLoader@66d3c617 
Loaded from file:/Applications/NetBeans/glassfish-4.1.1/javadb/lib/derby.jar
java.vendor=Oracle Corporation
java.runtime.version=1.8.0_121-b13
user.dir=/Applications/NetBeans/glassfish-4.1.1/javadb
os.name=Mac OS X
os.arch=x86_64
os.version=10.13
derby.system.home=/Users/Jakob/SEW5AHITM/maturabeispiele/26_09/database
Database Class Loader started - derby.database.classpath=''
----------------------------------------------------------------
Wed Oct 25 23:07:31 CEST 2017: Shutting down Derby engine

------------  Begin Shutdown Error Stack -------------

ERROR XSLAQ: Cannot create log file at directory /Users/Jakob/SEW5AHITM/maturabeispiele/26_09/database/sample/log.
	at org.apache.derby.iapi.error.StandardException.newException(Unknown Source)
	at org.apache.derby.impl.store.raw.log.LogToFile.getLogDirectory(Unknown Source)
	at org.apache.derby.impl.store.raw.log.LogToFile.getControlFileName(Unknown Source)
	at org.apache.derby.impl.store.raw.log.LogToFile.checkpointWithTran(Unknown Source)
	at org.apache.derby.impl.store.raw.log.LogToFile.checkpoint(Unknown Source)
	at org.apache.derby.impl.store.raw.RawStore.stop(Unknown Source)
	at org.apache.derby.impl.services.monitor.TopService.stop(Unknown Source)
	at org.apache.derby.impl.services.monitor.TopService.shutdown(Unknown Source)
	at org.apache.derby.impl.services.monitor.BaseMonitor.shutdown(Unknown Source)
	at org.apache.derby.impl.services.monitor.BaseMonitor.shutdown(Unknown Source)
	at org.apache.derby.jdbc.InternalDriver.connect(Unknown Source)
	at org.apache.derby.jdbc.Driver20.connect(Unknown Source)
	at org.apache.derby.jdbc.EmbeddedDriver.connect(Unknown Source)
	at org.apache.derby.impl.drda.NetworkServerControlImpl.blockingStart(Unknown Source)
	at org.apache.derby.impl.drda.NetworkServerControlImpl.executeWork(Unknown Source)
	at org.apache.derby.drda.NetworkServerControl.main(Unknown Source)


------------  End Shutdown Error Stack -------------


------------  Begin Shutdown Error Stack -------------

ERROR XSLAQ: Cannot create log file at directory /Users/Jakob/SEW5AHITM/maturabeispiele/26_09/database/sample/log.
	at org.apache.derby.iapi.error.StandardException.newException(Unknown Source)
	at org.apache.derby.impl.store.raw.log.LogToFile.getLogDirectory(Unknown Source)
	at org.apache.derby.impl.store.raw.log.LogToFile.getControlFileName(Unknown Source)
	at org.apache.derby.impl.store.raw.log.LogToFile.checkpointWithTran(Unknown Source)
	at org.apache.derby.impl.store.raw.log.LogToFile.checkpoint(Unknown Source)
	at org.apache.derby.impl.store.raw.RawStore.stop(Unknown Source)
	at org.apache.derby.impl.services.monitor.TopService.stop(Unknown Source)
	at org.apache.derby.impl.services.monitor.TopService.shutdown(Unknown Source)
	at org.apache.derby.impl.services.monitor.BaseMonitor.shutdown(Unknown Source)
	at org.apache.derby.impl.services.monitor.BaseMonitor.shutdown(Unknown Source)
	at org.apache.derby.jdbc.InternalDriver.connect(Unknown Source)
	at org.apache.derby.jdbc.Driver20.connect(Unknown Source)
	at org.apache.derby.jdbc.EmbeddedDriver.connect(Unknown Source)
	at org.apache.derby.impl.drda.NetworkServerControlImpl.blockingStart(Unknown Source)
	at org.apache.derby.impl.drda.NetworkServerControlImpl.executeWork(Unknown Source)
	at org.apache.derby.drda.NetworkServerControl.main(Unknown Source)


------------  End Shutdown Error Stack -------------


------------  Begin Shutdown Error Stack -------------

ERROR XSLAQ: Cannot create log file at directory /Users/Jakob/SEW5AHITM/maturabeispiele/26_09/database/sample/log.
	at org.apache.derby.iapi.error.StandardException.newException(Unknown Source)
	at org.apache.derby.impl.store.raw.log.LogToFile.getLogDirectory(Unknown Source)
	at org.apache.derby.impl.store.raw.log.LogToFile.getControlFileName(Unknown Source)
	at org.apache.derby.impl.store.raw.log.LogToFile.checkpointWithTran(Unknown Source)
	at org.apache.derby.impl.store.raw.log.LogToFile.checkpoint(Unknown Source)
	at org.apache.derby.impl.store.raw.RawStore.stop(Unknown Source)
	at org.apache.derby.impl.services.monitor.TopService.stop(Unknown Source)
	at org.apache.derby.impl.services.monitor.TopService.shutdown(Unknown Source)
	at org.apache.derby.impl.services.monitor.BaseMonitor.shutdown(Unknown Source)
	at org.apache.derby.impl.services.monitor.BaseMonitor.shutdown(Unknown Source)
	at org.apache.derby.jdbc.InternalDriver.connect(Unknown Source)
	at org.apache.derby.jdbc.Driver20.connect(Unknown Source)
	at org.apache.derby.jdbc.EmbeddedDriver.connect(Unknown Source)
	at org.apache.derby.impl.drda.NetworkServerControlImpl.blockingStart(Unknown Source)
	at org.apache.derby.impl.drda.NetworkServerControlImpl.executeWork(Unknown Source)
	at org.apache.derby.drda.NetworkServerControl.main(Unknown Source)


------------  End Shutdown Error Stack -------------

----------------------------------------------------------------
Wed Oct 25 23:07:31 CEST 2017:
Shutting down instance a816c00e-015f-52cd-6690-000027fc7ae3 on database directory /Users/Jakob/SEW5AHITM/maturabeispiele/26_09/database/sample with class loader sun.misc.Launcher$AppClassLoader@66d3c617 
----------------------------------------------------------------
